2024-11-2 12:38:28 - log: Load engine in D:\Program Files\Cocos\Creator\CocosCreator-v3.8.3-oh-win-102911\resources\resources\3d\engine
2024-11-2 12:38:28 - log: Profile changed: engine (modules.includeModules: 2d,animation,audio,base,dragon-bones,gfx-webgl,gfx-webgl2,intersection-2d,meshopt,particle-2d,physics-2d-box2d,profiler,spine,tiled-map,tween,ui,video,webview)
2024-11-2 12:38:28 - log: Register native engine in D:\Program Files\Cocos\Creator\CocosCreator-v3.8.3-oh-win-102911\resources\resources\3d\engine\native
2024-11-2 12:38:29 - log: Request namespace: device-list
2024-11-2 12:38:54 - log: [Scene] meshopt wasm decoder initialized
2024-11-2 12:38:54 - log: [Scene] [box2d]:box2d wasm lib loaded.
2024-11-2 12:38:54 - log: [Scene] [bullet]:bullet wasm lib loaded.
2024-11-2 12:38:54 - log: [Scene] [PHYSICS]: using builtin.
2024-11-2 12:38:54 - log: [Scene] Cocos Creator v3.8.3
2024-11-2 12:38:54 - info: [Scene] Forward render pipeline initialized.
2024-11-2 12:38:54 - log: [Scene] [PHYSICS2D]: switch from box2d-wasm to box2d.
2024-11-2 12:40:46 - info: [PreviewInEditor] 预览环境初始化完毕
2024-11-2 12:40:46 - log: [PreviewInEditor] meshopt wasm decoder initialized
2024-11-2 12:40:46 - log: [PreviewInEditor] [box2d]:box2d wasm lib loaded.
2024-11-2 12:40:46 - log: [PreviewInEditor] [bullet]:bullet wasm lib loaded.
2024-11-2 12:40:46 - log: [PreviewInEditor] [PHYSICS]: using builtin.
2024-11-2 12:40:46 - log: [PreviewInEditor] Cocos Creator v3.8.3
2024-11-2 12:40:46 - info: [PreviewInEditor] Forward render pipeline initialized.
2024-11-2 12:40:46 - log: [PreviewInEditor] [PHYSICS2D]: switch from box2d-wasm to box2d.
2024-11-2 12:40:47 - log: [PreviewInEditor] Game started
2024-11-2 12:40:47 - error: [PreviewInEditor] 初始化失败，重新初始化或联系华为技术支持,error:GOBE Error: 2 gobePlayerLoginProcessor failed. rtnCode: 100103; rtnMsg: developer authenticate failedError: [PreviewInEditor] 初始化失败，重新初始化或联系华为技术支持,error:GOBE Error: 2 gobePlayerLoginProcessor failed. rtnCode: 100103; rtnMsg: developer authenticate failed
    at file:///E:/CocosProjects/Color/temp/programming/packer-driver/targets/editor/chunks/1a/1a742f93df6c2a47ff4f607ca051c3d056f98c75.js:85:21
2024-11-2 12:41:03 - info: [PreviewInEditor] 预览环境初始化完毕
2024-11-2 12:41:05 - log: [PreviewInEditor] meshopt wasm decoder initialized
2024-11-2 12:41:05 - log: [PreviewInEditor] [box2d]:box2d wasm lib loaded.
2024-11-2 12:41:05 - log: [PreviewInEditor] [bullet]:bullet wasm lib loaded.
2024-11-2 12:41:05 - log: [PreviewInEditor] [PHYSICS]: using builtin.
2024-11-2 12:41:05 - log: [PreviewInEditor] Cocos Creator v3.8.3
2024-11-2 12:41:05 - info: [PreviewInEditor] Forward render pipeline initialized.
2024-11-2 12:41:06 - log: [PreviewInEditor] [PHYSICS2D]: switch from box2d-wasm to box2d.
2024-11-2 12:41:06 - log: [PreviewInEditor] Game started
2024-11-2 12:41:06 - error: [PreviewInEditor] 初始化失败，重新初始化或联系华为技术支持,error:GOBE Error: 2 gobePlayerLoginProcessor failed. rtnCode: 100103; rtnMsg: developer authenticate failedError: [PreviewInEditor] 初始化失败，重新初始化或联系华为技术支持,error:GOBE Error: 2 gobePlayerLoginProcessor failed. rtnCode: 100103; rtnMsg: developer authenticate failed
    at file:///E:/CocosProjects/Color/temp/programming/packer-driver/targets/editor/chunks/1a/1a742f93df6c2a47ff4f607ca051c3d056f98c75.js:85:21
2024-11-2 12:41:15 - info: [PreviewInEditor] 预览环境初始化完毕
2024-11-2 12:41:33 - log: 12:41:32 [DEBUG]: SCREEN DPI = 96, SCREEN SCALE = 1.00
12:41:32 [DEBUG]: WORKAREA WIDTH 2552.00, HEIGHT 1341.00
12:41:32 [DEBUG]: FRAME SCALE = 1.00
12:41:32 [DEBUG]: Project Config:
12:41:32 [DEBUG]:     project dir: D:\Program Files\Cocos\Creator\CocosCreator-v3.8.3-oh-win-102911\resources\resources\3d\engine\native\simulator\Release\
12:41:32 [DEBUG]:     writable path: $(PROJDIR)\
12:41:32 [DEBUG]:     script file: $(PROJDIR)\main.js
12:41:32 [DEBUG]:     frame size: 852 x 393
12:41:32 [DEBUG]:     frame scale: 1.00
12:41:32 [DEBUG]:     show console: NO
12:41:32 [DEBUG]:     write debug log: NO ()
12:41:32 [DEBUG]:     listen: 
12:41:32 [DEBUG]:     debugger: none
12:41:32 [DEBUG]:     add searching path:
12:41:32 [DEBUG]: 


12:41:32 [DEBUG]: [WARNING]:not find lang
12:41:32 [INFO]: Setup EGLConfig: depth [24] stencil [8] sampleBuffer [0] sampleCount [0]
12:41:32 [DEBUG]: EGL context bounded to thread c02189d7f4ca9397
12:41:32 [INFO]: GLES3 device initialized.
12:41:32 [INFO]: RENDERER: PVRVFrame 10.8 - None (Host : NVIDIA GeForce RTX 3060 Laptop GPU/PCIe/SSE2) (SDK Build: 18.1@5086772)
12:41:32 [INFO]: VENDOR: Imagination Technologies (Host: NVIDIA Corporation)
12:41:32 [INFO]: VERSION: OpenGL ES 3.2 (Host : 4.6.0 NVIDIA 560.81)
12:41:32 [INFO]: COMPRESSED_FORMATS: etc1 etc2 pvrtc astc 
12:41:32 [INFO]: FRAMEBUFFER_FETCH: NONE
12:41:32 [INFO]: MULTI_SAMPLE_RENDER_TO_TEXTURE: NONE
12:41:32 [INFO]: Device validator enabled.
12:41:32 [DEBUG]: D/ Initializing V8, version: 11.6.189.22

12:41:32 [DEBUG]: D/ libuv version: 1.41.0

12:41:32 [DEBUG]: D/ Number of interfaces: 4
12:41:32 [DEBUG]: D/ Debugger listening..., visit [
12:41:32 [DEBUG]: D/     devtools://devtools/bundled/js_app.html?v8only=true&ws=127.0.0.1:5086/00010002-0003-4004-8005-000600070008
12:41:32 [DEBUG]: D/     devtools://devtools/bundled/js_app.html?v8only=true&ws=192.168.3.7:5086/00010002-0003-4004-8005-000600070008
12:41:32 [DEBUG]: D/   ] in chrome browser to debug!
12:41:32 [DEBUG]: D/ For help see https://nodejs.org/en/docs/inspector
12:41:32 [INFO]: JS: injectWebAssembly ...
12:41:32 [DEBUG]: In the constructor of HttpClient!
12:41:32 [DEBUG]: iShow!
12:41:32 [DEBUG]: EventBus[Engine] has no listener found!
12:41:32 [DEBUG]: JS: httpHandler: http://192.168.3.7:7456/scripting/x/chunks/93/93ba276ea7b26ffcdc433fab14afc1ed6f05647b.js
12:41:33 [WARN]: JS: Failed to set shading scale, pipelineSceneData is invalid.
12:41:33 [WARN]: JS: Read json failed: path: D:\Program Files\Cocos\Creator\CocosCreator-v3.8.3-oh-win-102911\resources\resources\3d\engine\native\simulator\Release/gamecaches/cacheList.json message: Unexpected end of JSON input
12:41:33 [DEBUG]: JS: [PHYSICS2D]: register box2d.
12:41:33 [DEBUG]: EGL context bounded to thread 13c823fb11a98dcc
12:41:33 [INFO]: Device thread detached.
12:41:33 [DEBUG]: JS: Cocos Creator v3.8.3
12:41:33 [DEBUG]: JS: httpHandler: http://192.168.3.7:7456/scripting/x/chunks/6d/6d8fd2b0177941b032ddc0733af48a561fb60657.js
12:41:33 [DEBUG]: JS: httpHandler: http://192.168.3.7:7456/scripting/x/chunks/14/14c7a302fa9bfd7f9faf1e51ddc744e6ccc329a5.js
12:41:33 [DEBUG]: JS: httpHandler: http://192.168.3.7:7456/scripting/x/chunks/1a/1a742f93df6c2a47ff4f607ca051c3d056f98c75.js
12:41:33 [DEBUG]: JS: httpHandler: http://192.168.3.7:7456/scripting/x/chunks/07/07b6dcdf7b767227b510f7f7cc16d728aa0e3dfe.js
12:41:33 [DEBUG]: JS: httpHandler: http://192.168.3.7:7456/scripting/x/chunks/9c/9c59bdc1e925fa1e54235b978eb0574a2cb746b0.js
12:41:33 [DEBUG]: JS: httpHandler: http://192.168.3.7:7456/scripting/x/chunks/27/27a26e8d972a3accaf958a56243407f4a5fdc4f0.js
12:41:33 [DEBUG]: JS: httpHandler: http://192.168.3.7:7456/scripting/x/chunks/03/03eec08b0365929889845edf1a8cc514c61736c7.js
12:41:33 [DEBUG]: JS: httpHandler: http://192.168.3.7:7456/scripting/x/chunks/83/8311598651c24f1f19afdcf8454dfb6710214371.js
12:41:33 [DEBUG]: JS: httpHandler: http://192.168.3.7:7456/scripting/x/chunks/27/2773e2bc0bdc889c7d5790b8941f0fa6e7cc9050.js
12:41:33 [DEBUG]: JS: Game started
12:41:33 [INFO]: Shader 'util/profiler|profiler-vs:vert|profiler-fs:frag' compil
2024-11-2 12:41:57 - log: (Info) Hardware profile: None
(Info) PVRVFrame version 10.8

2024-11-2 12:41:57 - log: ation succeeded.
12:41:34 [ERROR]: JS: ????????????????????,error:GOBE Error: 2 gobePlayerLoginProcessor failed. rtnCode: 100103; rtnMsg: developer authenticate failed
12:41:57 [DEBUG]: HttpClient::destroyInstance begin
12:41:57 [DEBUG]: HttpClient destructor
12:41:57 [DEBUG]: HttpClient::destroyInstance() finished!
12:41:57 [DEBUG]: D/ ScriptEngine::cleanup begin ...

12:41:57 [DEBUG]: D/ GC begin ..., (js->native map) size: 151

12:41:57 [DEBUG]: D/ XMLHttpRequest_finalize, 0000028A7791AB80 ... 

12:41:57 [DEBUG]: D/ XMLHttpRequest_finalize, 0000028A779197A0 ... 

12:41:57 [DEBUG]: D/ XMLHttpRequest_finalize, 0000028A77919AF0 ... 

12:41:57 [DEBUG]: D/ XMLHttpRequest_finalize, 0000028A7760CCE0 ... 

12:41:57 [DEBUG]: D/ XMLHttpRequest_finalize, 0000028A7760D030 ... 

12:41:57 [DEBUG]: D/ XMLHttpRequest_finalize, 0000028A7760D380 ... 

12:41:57 [DEBUG]: D/ XMLHttpRequest_finalize, 0000028A7760B900 ... 

12:41:57 [DEBUG]: D/ XMLHttpRequest_finalize, 0000028A7760BC50 ... 

12:41:57 [DEBUG]: D/ XMLHttpRequest_finalize, 0000028A7760AF10 ... 

12:41:57 [DEBUG]: D/ XMLHttpRequest_finalize, 0000028A77609E80 ... 

12:41:57 [DEBUG]: D/ XMLHttpRequest_finalize, 0000028A7760C640 ... 

12:41:57 [DEBUG]: D/ XMLHttpRequest_finalize, 0000028A777C8AA0 ... 

12:41:57 [DEBUG]: D/ XMLHttpRequest_finalize, 0000028A77559B80 ... 

12:41:57 [DEBUG]: D/ XMLHttpRequest_finalize, 0000028A779B48E0 ... 

12:41:57 [DEBUG]: D/ XMLHttpRequest_finalize, 0000028A4018A4C0 ... 

12:41:57 [DEBUG]: D/ XMLHttpRequest_finalize, 0000028A7753DE70 ... 

12:41:57 [DEBUG]: D/ XMLHttpRequest_finalize, 0000028A403D93A0 ... 

12:41:57 [DEBUG]: D/ XMLHttpRequest_finalize, 0000028A403D96F0 ... 

12:41:57 [DEBUG]: D/ XMLHttpRequest_finalize, 0000028A403D9A40 ... 

12:41:57 [DEBUG]: D/ XMLHttpRequest_finalize, 0000028A403D9D90 ... 

12:41:57 [DEBUG]: D/ XMLHttpRequest_finalize, 0000028A77664C70 ... 

12:41:57 [DEBUG]: D/ XMLHttpRequest_finalize, 0000028A77664FC0 ... 

12:41:57 [DEBUG]: D/ XMLHttpRequest_finalize, 0000028A77665310 ... 

12:41:57 [DEBUG]: D/ XMLHttpRequest_finalize, 0000028A77665660 ... 

12:41:57 [DEBUG]: D/ XMLHttpRequest_finalize, 0000028A776659B0 ... 

12:41:57 [DEBUG]: D/ XMLHttpRequest_finalize, 0000028A77919100 ... 

12:41:57 [DEBUG]: D/ XMLHttpRequest_finalize, 0000028A7791A190 ... 

12:41:57 [DEBUG]: D/ XMLHttpRequest_finalize, 0000028A77919E40 ... 

12:41:57 [DEBUG]: D/ XMLHttpRequest_finalize, 0000028A77919450 ... 

12:41:57 [DEBUG]: D/ XMLHttpRequest_finalize, 0000028A7791A4E0 ... 

12:41:57 [DEBUG]: D/ XMLHttpRequest_finalize, 0000028A7791A830 ... 

12:41:57 [DEBUG]: D/ GC end ..., (js->native map) size: 115

12:41:57 [DEBUG]: D/ GC begin ..., (js->native map) size: 115

12:41:57 [DEBUG]: D/ GC end ..., (js->native map) size: 115

12:41:57 [DEBUG]: D/ GC begin ..., (js->native map) size: 0

12:41:57 [DEBUG]: D/ GC end ..., (js->native map) size: 0

12:41:57 [DEBUG]: D/ ScriptEngine::cleanup end ...

12:41:57 [DEBUG]: EGL context bounded to thread 13c823fb11a98dcc

2024-11-2 12:42:04 - info: [PreviewInEditor] 预览环境初始化完毕
2024-11-2 12:42:14 - info: [PreviewInEditor] 预览环境初始化完毕
2024-11-2 12:42:14 - log: [PreviewInEditor] meshopt wasm decoder initialized
2024-11-2 12:42:14 - log: [PreviewInEditor] [box2d]:box2d wasm lib loaded.
2024-11-2 12:42:14 - log: [PreviewInEditor] [bullet]:bullet wasm lib loaded.
2024-11-2 12:42:14 - log: [PreviewInEditor] [PHYSICS]: using builtin.
2024-11-2 12:42:14 - log: [PreviewInEditor] Cocos Creator v3.8.3
2024-11-2 12:42:14 - info: [PreviewInEditor] Forward render pipeline initialized.
2024-11-2 12:42:14 - log: [PreviewInEditor] [PHYSICS2D]: switch from box2d-wasm to box2d.
2024-11-2 12:42:15 - log: [PreviewInEditor] Game started
2024-11-2 12:42:15 - error: [PreviewInEditor] 初始化失败，重新初始化或联系华为技术支持,error:GOBE Error: 2 gobePlayerLoginProcessor failed. rtnCode: 100103; rtnMsg: developer authenticate failedError: [PreviewInEditor] 初始化失败，重新初始化或联系华为技术支持,error:GOBE Error: 2 gobePlayerLoginProcessor failed. rtnCode: 100103; rtnMsg: developer authenticate failed
    at file:///E:/CocosProjects/Color/temp/programming/packer-driver/targets/editor/chunks/1a/1a742f93df6c2a47ff4f607ca051c3d056f98c75.js:85:21
2024-11-2 12:42:21 - info: [PreviewInEditor] 预览环境初始化完毕
