12:38:50 debug: 2024/11/2下午12:38:50
12:38:50 debug: Project: E:\CocosProjects\Color
12:38:50 debug: Targets: editor,preview
12:38:50 debug: Incremental file seems great.
12:38:50 debug: Engine path: D:\Program Files\Cocos\Creator\CocosCreator-v3.8.3-oh-win-102911\resources\resources\3d\engine
12:38:50 debug: Initializing target [Editor]
12:38:50 debug: Loading cache
12:38:50 debug: Loading cache costs 2.101400002837181ms.
12:38:50 debug: Engine features shipped in editor: base,gfx-webgl,gfx-webgl2,gfx-empty,3d,animation,skeletal-animation,2d,ui,particle,particle-2d,physics-framework,physics-2d-framework,physics-2d-box2d-wasm,intersection-2d,primitive,profiler,occlusion-query,geometry-renderer,debug-renderer,audio,video,xr,light-probe,terrain,webview,tween,tiled-map,spine,dragon-bones,marionette,procedural-animation,custom-pipeline,websocket,websocket-server,meshopt
12:38:50 debug: Our import map(foo:/bar): {
  "imports": {
    "cc": "cce:/internal/x/cc"
  }
}
12:38:50 debug: Initializing target [Preview]
12:38:50 debug: Loading cache
12:38:50 debug: Loading cache costs 1.6529000028967857ms.
12:38:50 debug: Our import map(foo:/bar): {
  "imports": {
    "cc": "cce:/internal/x/cc"
  }
}
12:38:50 debug: Sync engine features: 2d,animation,audio,base,dragon-bones,gfx-webgl,gfx-webgl2,intersection-2d,meshopt,particle-2d,physics-2d-box2d,profiler,spine,tiled-map,tween,ui,video,webview
12:38:50 debug: Reset databases. Enumerated domains: [
  {
    "root": "db://internal/",
    "physical": "D:\\Program Files\\Cocos\\Creator\\CocosCreator-v3.8.3-oh-win-102911\\resources\\resources\\3d\\engine\\editor\\assets"
  },
  {
    "root": "db://assets/",
    "physical": "E:\\CocosProjects\\Color\\assets"
  }
]
12:38:50 debug: Our import map(foo:/bar): {
  "imports": {
    "cc": "cce:/internal/x/cc",
    "db://internal/": "file:///D:/Program%20Files/Cocos/Creator/CocosCreator-v3.8.3-oh-win-102911/resources/resources/3d/engine/editor/assets/",
    "db://assets/": "file:///E:/CocosProjects/Color/assets/"
  }
}
12:38:50 debug: Our import map(foo:/bar): {
  "imports": {
    "cc": "cce:/internal/x/cc",
    "db://internal/": "file:///D:/Program%20Files/Cocos/Creator/CocosCreator-v3.8.3-oh-win-102911/resources/resources/3d/engine/editor/assets/",
    "db://assets/": "file:///E:/CocosProjects/Color/assets/"
  }
}
12:38:50 debug: Pulling asset-db.
12:38:50 debug: Fetch asset-db cost: 4.188100002706051ms.
12:38:50 debug: Build iteration starts.
Number of accumulated asset changes: 9
Feature changed: false
12:38:50 debug: Target(editor) build started.
12:38:50 debug: Detected change: cce:/internal/x/cc. Last mtime: Thu Jan 01 1970 08:00:07 GMT+0800 (中国标准时间), Current mtime: Thu Jan 01 1970 08:00:21 GMT+0800 (中国标准时间)
12:38:50 debug: Inspect cce:/internal/x/cc
12:38:50 debug: Resolve cce:/internal/x/cc-fu/base from cce:/internal/x/cc as external dependency cce:/internal/x/cc-fu/base.
12:38:50 debug: Resolve cce:/internal/x/cc-fu/gfx-webgl from cce:/internal/x/cc as external dependency cce:/internal/x/cc-fu/gfx-webgl.
12:38:50 debug: Resolve cce:/internal/x/cc-fu/gfx-webgl2 from cce:/internal/x/cc as external dependency cce:/internal/x/cc-fu/gfx-webgl2.
12:38:50 debug: Resolve cce:/internal/x/cc-fu/gfx-empty from cce:/internal/x/cc as external dependency cce:/internal/x/cc-fu/gfx-empty.
12:38:50 debug: Resolve cce:/internal/x/cc-fu/3d from cce:/internal/x/cc as external dependency cce:/internal/x/cc-fu/3d.
12:38:50 debug: Resolve cce:/internal/x/cc-fu/animation from cce:/internal/x/cc as external dependency cce:/internal/x/cc-fu/animation.
12:38:50 debug: Resolve cce:/internal/x/cc-fu/skeletal-animation from cce:/internal/x/cc as external dependency cce:/internal/x/cc-fu/skeletal-animation.
12:38:50 debug: Resolve cce:/internal/x/cc-fu/2d from cce:/internal/x/cc as external dependency cce:/internal/x/cc-fu/2d.
12:38:50 debug: Resolve cce:/internal/x/cc-fu/sorting from cce:/internal/x/cc as external dependency cce:/internal/x/cc-fu/sorting.
12:38:50 debug: Resolve cce:/internal/x/cc-fu/ui from cce:/internal/x/cc as external dependency cce:/internal/x/cc-fu/ui.
12:38:50 debug: Resolve cce:/internal/x/cc-fu/particle from cce:/internal/x/cc as external dependency cce:/internal/x/cc-fu/particle.
12:38:50 debug: Resolve cce:/internal/x/cc-fu/particle-2d from cce:/internal/x/cc as external dependency cce:/internal/x/cc-fu/particle-2d.
12:38:50 debug: Resolve cce:/internal/x/cc-fu/physics-framework from cce:/internal/x/cc as external dependency cce:/internal/x/cc-fu/physics-framework.
12:38:50 debug: Resolve cce:/internal/x/cc-fu/physics-2d-framework from cce:/internal/x/cc as external dependency cce:/internal/x/cc-fu/physics-2d-framework.
12:38:50 debug: Resolve cce:/internal/x/cc-fu/physics-2d-box2d-wasm from cce:/internal/x/cc as external dependency cce:/internal/x/cc-fu/physics-2d-box2d-wasm.
12:38:50 debug: Resolve cce:/internal/x/cc-fu/intersection-2d from cce:/internal/x/cc as external dependency cce:/internal/x/cc-fu/intersection-2d.
12:38:50 debug: Resolve cce:/internal/x/cc-fu/primitive from cce:/internal/x/cc as external dependency cce:/internal/x/cc-fu/primitive.
12:38:50 debug: Resolve cce:/internal/x/cc-fu/profiler from cce:/internal/x/cc as external dependency cce:/internal/x/cc-fu/profiler.
12:38:50 debug: Resolve cce:/internal/x/cc-fu/geometry-renderer from cce:/internal/x/cc as external dependency cce:/internal/x/cc-fu/geometry-renderer.
12:38:50 debug: Resolve cce:/internal/x/cc-fu/audio from cce:/internal/x/cc as external dependency cce:/internal/x/cc-fu/audio.
12:38:50 debug: Resolve cce:/internal/x/cc-fu/video from cce:/internal/x/cc as external dependency cce:/internal/x/cc-fu/video.
12:38:50 debug: Resolve cce:/internal/x/cc-fu/xr from cce:/internal/x/cc as external dependency cce:/internal/x/cc-fu/xr.
12:38:50 debug: Resolve cce:/internal/x/cc-fu/light-probe from cce:/internal/x/cc as external dependency cce:/internal/x/cc-fu/light-probe.
12:38:50 debug: Resolve cce:/internal/x/cc-fu/terrain from cce:/internal/x/cc as external dependency cce:/internal/x/cc-fu/terrain.
12:38:50 debug: Resolve cce:/internal/x/cc-fu/webview from cce:/internal/x/cc as external dependency cce:/internal/x/cc-fu/webview.
12:38:50 debug: Resolve cce:/internal/x/cc-fu/tween from cce:/internal/x/cc as external dependency cce:/internal/x/cc-fu/tween.
12:38:50 debug: Resolve cce:/internal/x/cc-fu/tiled-map from cce:/internal/x/cc as external dependency cce:/internal/x/cc-fu/tiled-map.
12:38:50 debug: Resolve cce:/internal/x/cc-fu/spine from cce:/internal/x/cc as external dependency cce:/internal/x/cc-fu/spine.
12:38:50 debug: Resolve cce:/internal/x/cc-fu/dragon-bones from cce:/internal/x/cc as external dependency cce:/internal/x/cc-fu/dragon-bones.
12:38:50 debug: Resolve cce:/internal/x/cc-fu/custom-pipeline from cce:/internal/x/cc as external dependency cce:/internal/x/cc-fu/custom-pipeline.
12:38:50 debug: Detected change: cce:/internal/x/prerequisite-imports. Last mtime: Thu Jan 01 1970 08:00:09 GMT+0800 (中国标准时间), Current mtime: Thu Jan 01 1970 08:00:21 GMT+0800 (中国标准时间)
12:38:50 debug: Inspect cce:/internal/x/prerequisite-imports
12:38:50 debug: Resolve file:///D:/Program%20Files/Cocos/Creator/CocosCreator-v3.8.3-oh-win-102911/resources/resources/3d/engine/editor/assets/tools/debug-view-runtime-control.ts from cce:/internal/x/prerequisite-imports as file:///D:/Program%20Files/Cocos/Creator/CocosCreator-v3.8.3-oh-win-102911/resources/resources/3d/engine/editor/assets/tools/debug-view-runtime-control.ts.
12:38:50 debug: Inspect file:///D:/Program%20Files/Cocos/Creator/CocosCreator-v3.8.3-oh-win-102911/resources/resources/3d/engine/editor/assets/tools/debug-view-runtime-control.ts
12:38:50 debug: Resolve cc from file:///D:/Program%20Files/Cocos/Creator/CocosCreator-v3.8.3-oh-win-102911/resources/resources/3d/engine/editor/assets/tools/debug-view-runtime-control.ts as cce:/internal/x/cc.
12:38:50 debug: Resolve cc from file:///D:/Program%20Files/Cocos/Creator/CocosCreator-v3.8.3-oh-win-102911/resources/resources/3d/engine/editor/assets/tools/debug-view-runtime-control.ts as cce:/internal/x/cc.
12:38:50 debug: Resolve cc from file:///D:/Program%20Files/Cocos/Creator/CocosCreator-v3.8.3-oh-win-102911/resources/resources/3d/engine/editor/assets/tools/debug-view-runtime-control.ts as cce:/internal/x/cc.
12:38:50 debug: Resolve file:///E:/CocosProjects/Color/assets/Scripts/FrameWork/Multiplayer/ClientManager.ts from cce:/internal/x/prerequisite-imports as file:///E:/CocosProjects/Color/assets/Scripts/FrameWork/Multiplayer/ClientManager.ts.
12:38:50 debug: Resolve cc from file:///E:/CocosProjects/Color/assets/Scripts/FrameWork/Multiplayer/ClientManager.ts as cce:/internal/x/cc.
12:38:50 debug: Resolve file:///E:/CocosProjects/Color/assets/Scripts/FrameWork/Notify/GlobalNotify.ts from cce:/internal/x/prerequisite-imports as file:///E:/CocosProjects/Color/assets/Scripts/FrameWork/Notify/GlobalNotify.ts.
12:38:50 debug: Resolve cc from file:///E:/CocosProjects/Color/assets/Scripts/FrameWork/Notify/GlobalNotify.ts as cce:/internal/x/cc.
12:38:50 debug: Resolve file:///E:/CocosProjects/Color/assets/Scripts/FrameWork/Notify/NotifyManager.ts from cce:/internal/x/prerequisite-imports as file:///E:/CocosProjects/Color/assets/Scripts/FrameWork/Notify/NotifyManager.ts.
12:38:50 debug: Resolve cc from file:///E:/CocosProjects/Color/assets/Scripts/FrameWork/Notify/NotifyManager.ts as cce:/internal/x/cc.
12:38:50 debug: Resolve file:///E:/CocosProjects/Color/assets/Scripts/FrameWork/Util/Global.ts from cce:/internal/x/prerequisite-imports as file:///E:/CocosProjects/Color/assets/Scripts/FrameWork/Util/Global.ts.
12:38:50 debug: Resolve cc from file:///E:/CocosProjects/Color/assets/Scripts/FrameWork/Util/Global.ts as cce:/internal/x/cc.
12:38:50 debug: Resolve file:///E:/CocosProjects/Color/assets/Scripts/GameStarter.ts from cce:/internal/x/prerequisite-imports as file:///E:/CocosProjects/Color/assets/Scripts/GameStarter.ts.
12:38:50 debug: Resolve cc from file:///E:/CocosProjects/Color/assets/Scripts/GameStarter.ts as cce:/internal/x/cc.
12:38:50 debug: Resolve cc from file:///E:/CocosProjects/Color/assets/Scripts/GameStarter.ts as cce:/internal/x/cc.
12:38:50 debug: Resolve cc from file:///E:/CocosProjects/Color/assets/Scripts/GameStarter.ts as cce:/internal/x/cc.
12:38:50 debug: Resolve file:///E:/CocosProjects/Color/assets/Scripts/HelloWorld.ts from cce:/internal/x/prerequisite-imports as file:///E:/CocosProjects/Color/assets/Scripts/HelloWorld.ts.
12:38:50 debug: Resolve cc from file:///E:/CocosProjects/Color/assets/Scripts/HelloWorld.ts as cce:/internal/x/cc.
12:38:50 debug: Resolve cc from file:///E:/CocosProjects/Color/assets/Scripts/HelloWorld.ts as cce:/internal/x/cc.
12:38:50 debug: Resolve cc from file:///E:/CocosProjects/Color/assets/Scripts/HelloWorld.ts as cce:/internal/x/cc.
12:38:50 debug: Resolve file:///E:/CocosProjects/Color/assets/Scripts/Views/network/controller/NetWorkViewController.ts from cce:/internal/x/prerequisite-imports as file:///E:/CocosProjects/Color/assets/Scripts/Views/network/controller/NetWorkViewController.ts.
12:38:50 debug: Resolve cc from file:///E:/CocosProjects/Color/assets/Scripts/Views/network/controller/NetWorkViewController.ts as cce:/internal/x/cc.
12:38:50 debug: Resolve cc from file:///E:/CocosProjects/Color/assets/Scripts/Views/network/controller/NetWorkViewController.ts as cce:/internal/x/cc.
12:38:50 debug: Resolve cc from file:///E:/CocosProjects/Color/assets/Scripts/Views/network/controller/NetWorkViewController.ts as cce:/internal/x/cc.
12:38:50 debug: Target(editor) ends with cost 268.82320000231266ms.
12:38:50 debug: Target(preview) build started.
12:38:50 debug: Detected change: cce:/internal/x/cc. Last mtime: Thu Jan 01 1970 08:00:07 GMT+0800 (中国标准时间), Current mtime: Thu Jan 01 1970 08:00:21 GMT+0800 (中国标准时间)
12:38:50 debug: Inspect cce:/internal/x/cc
12:38:50 debug: Resolve cce:/internal/x/cc-fu/2d from cce:/internal/x/cc as external dependency cce:/internal/x/cc-fu/2d.
12:38:50 debug: Resolve cce:/internal/x/cc-fu/sorting from cce:/internal/x/cc as external dependency cce:/internal/x/cc-fu/sorting.
12:38:50 debug: Resolve cce:/internal/x/cc-fu/animation from cce:/internal/x/cc as external dependency cce:/internal/x/cc-fu/animation.
12:38:50 debug: Resolve cce:/internal/x/cc-fu/audio from cce:/internal/x/cc as external dependency cce:/internal/x/cc-fu/audio.
12:38:50 debug: Resolve cce:/internal/x/cc-fu/base from cce:/internal/x/cc as external dependency cce:/internal/x/cc-fu/base.
12:38:50 debug: Resolve cce:/internal/x/cc-fu/dragon-bones from cce:/internal/x/cc as external dependency cce:/internal/x/cc-fu/dragon-bones.
12:38:50 debug: Resolve cce:/internal/x/cc-fu/gfx-webgl from cce:/internal/x/cc as external dependency cce:/internal/x/cc-fu/gfx-webgl.
12:38:50 debug: Resolve cce:/internal/x/cc-fu/gfx-webgl2 from cce:/internal/x/cc as external dependency cce:/internal/x/cc-fu/gfx-webgl2.
12:38:50 debug: Resolve cce:/internal/x/cc-fu/intersection-2d from cce:/internal/x/cc as external dependency cce:/internal/x/cc-fu/intersection-2d.
12:38:50 debug: Resolve cce:/internal/x/cc-fu/particle-2d from cce:/internal/x/cc as external dependency cce:/internal/x/cc-fu/particle-2d.
12:38:50 debug: Resolve cce:/internal/x/cc-fu/physics-2d-box2d from cce:/internal/x/cc as external dependency cce:/internal/x/cc-fu/physics-2d-box2d.
12:38:50 debug: Resolve cce:/internal/x/cc-fu/physics-2d-framework from cce:/internal/x/cc as external dependency cce:/internal/x/cc-fu/physics-2d-framework.
12:38:50 debug: Resolve cce:/internal/x/cc-fu/profiler from cce:/internal/x/cc as external dependency cce:/internal/x/cc-fu/profiler.
12:38:50 debug: Resolve cce:/internal/x/cc-fu/spine from cce:/internal/x/cc as external dependency cce:/internal/x/cc-fu/spine.
12:38:50 debug: Resolve cce:/internal/x/cc-fu/tiled-map from cce:/internal/x/cc as external dependency cce:/internal/x/cc-fu/tiled-map.
12:38:50 debug: Resolve cce:/internal/x/cc-fu/tween from cce:/internal/x/cc as external dependency cce:/internal/x/cc-fu/tween.
12:38:50 debug: Resolve cce:/internal/x/cc-fu/ui from cce:/internal/x/cc as external dependency cce:/internal/x/cc-fu/ui.
12:38:50 debug: Resolve cce:/internal/x/cc-fu/video from cce:/internal/x/cc as external dependency cce:/internal/x/cc-fu/video.
12:38:50 debug: Resolve cce:/internal/x/cc-fu/webview from cce:/internal/x/cc as external dependency cce:/internal/x/cc-fu/webview.
12:38:50 debug: Detected change: cce:/internal/x/prerequisite-imports. Last mtime: Thu Jan 01 1970 08:00:09 GMT+0800 (中国标准时间), Current mtime: Thu Jan 01 1970 08:00:21 GMT+0800 (中国标准时间)
12:38:50 debug: Inspect cce:/internal/x/prerequisite-imports
12:38:50 debug: Resolve file:///D:/Program%20Files/Cocos/Creator/CocosCreator-v3.8.3-oh-win-102911/resources/resources/3d/engine/editor/assets/tools/debug-view-runtime-control.ts from cce:/internal/x/prerequisite-imports as file:///D:/Program%20Files/Cocos/Creator/CocosCreator-v3.8.3-oh-win-102911/resources/resources/3d/engine/editor/assets/tools/debug-view-runtime-control.ts.
12:38:50 debug: Inspect file:///D:/Program%20Files/Cocos/Creator/CocosCreator-v3.8.3-oh-win-102911/resources/resources/3d/engine/editor/assets/tools/debug-view-runtime-control.ts
12:38:50 debug: Resolve cc from file:///D:/Program%20Files/Cocos/Creator/CocosCreator-v3.8.3-oh-win-102911/resources/resources/3d/engine/editor/assets/tools/debug-view-runtime-control.ts as cce:/internal/x/cc.
12:38:50 debug: Resolve cc from file:///D:/Program%20Files/Cocos/Creator/CocosCreator-v3.8.3-oh-win-102911/resources/resources/3d/engine/editor/assets/tools/debug-view-runtime-control.ts as cce:/internal/x/cc.
12:38:50 debug: Resolve cc from file:///D:/Program%20Files/Cocos/Creator/CocosCreator-v3.8.3-oh-win-102911/resources/resources/3d/engine/editor/assets/tools/debug-view-runtime-control.ts as cce:/internal/x/cc.
12:38:50 debug: Resolve file:///E:/CocosProjects/Color/assets/Scripts/FrameWork/Multiplayer/ClientManager.ts from cce:/internal/x/prerequisite-imports as file:///E:/CocosProjects/Color/assets/Scripts/FrameWork/Multiplayer/ClientManager.ts.
12:38:50 debug: Resolve cc from file:///E:/CocosProjects/Color/assets/Scripts/FrameWork/Multiplayer/ClientManager.ts as cce:/internal/x/cc.
12:38:50 debug: Resolve file:///E:/CocosProjects/Color/assets/Scripts/FrameWork/Notify/GlobalNotify.ts from cce:/internal/x/prerequisite-imports as file:///E:/CocosProjects/Color/assets/Scripts/FrameWork/Notify/GlobalNotify.ts.
12:38:50 debug: Resolve cc from file:///E:/CocosProjects/Color/assets/Scripts/FrameWork/Notify/GlobalNotify.ts as cce:/internal/x/cc.
12:38:50 debug: Resolve file:///E:/CocosProjects/Color/assets/Scripts/FrameWork/Notify/NotifyManager.ts from cce:/internal/x/prerequisite-imports as file:///E:/CocosProjects/Color/assets/Scripts/FrameWork/Notify/NotifyManager.ts.
12:38:50 debug: Resolve cc from file:///E:/CocosProjects/Color/assets/Scripts/FrameWork/Notify/NotifyManager.ts as cce:/internal/x/cc.
12:38:50 debug: Resolve file:///E:/CocosProjects/Color/assets/Scripts/FrameWork/Util/Global.ts from cce:/internal/x/prerequisite-imports as file:///E:/CocosProjects/Color/assets/Scripts/FrameWork/Util/Global.ts.
12:38:50 debug: Resolve cc from file:///E:/CocosProjects/Color/assets/Scripts/FrameWork/Util/Global.ts as cce:/internal/x/cc.
12:38:50 debug: Resolve file:///E:/CocosProjects/Color/assets/Scripts/GameStarter.ts from cce:/internal/x/prerequisite-imports as file:///E:/CocosProjects/Color/assets/Scripts/GameStarter.ts.
12:38:50 debug: Resolve cc from file:///E:/CocosProjects/Color/assets/Scripts/GameStarter.ts as cce:/internal/x/cc.
12:38:50 debug: Resolve cc from file:///E:/CocosProjects/Color/assets/Scripts/GameStarter.ts as cce:/internal/x/cc.
12:38:50 debug: Resolve cc from file:///E:/CocosProjects/Color/assets/Scripts/GameStarter.ts as cce:/internal/x/cc.
12:38:50 debug: Resolve file:///E:/CocosProjects/Color/assets/Scripts/HelloWorld.ts from cce:/internal/x/prerequisite-imports as file:///E:/CocosProjects/Color/assets/Scripts/HelloWorld.ts.
12:38:50 debug: Resolve cc from file:///E:/CocosProjects/Color/assets/Scripts/HelloWorld.ts as cce:/internal/x/cc.
12:38:50 debug: Resolve cc from file:///E:/CocosProjects/Color/assets/Scripts/HelloWorld.ts as cce:/internal/x/cc.
12:38:50 debug: Resolve cc from file:///E:/CocosProjects/Color/assets/Scripts/HelloWorld.ts as cce:/internal/x/cc.
12:38:50 debug: Resolve file:///E:/CocosProjects/Color/assets/Scripts/Views/network/controller/NetWorkViewController.ts from cce:/internal/x/prerequisite-imports as file:///E:/CocosProjects/Color/assets/Scripts/Views/network/controller/NetWorkViewController.ts.
12:38:50 debug: Resolve cc from file:///E:/CocosProjects/Color/assets/Scripts/Views/network/controller/NetWorkViewController.ts as cce:/internal/x/cc.
12:38:50 debug: Resolve cc from file:///E:/CocosProjects/Color/assets/Scripts/Views/network/controller/NetWorkViewController.ts as cce:/internal/x/cc.
12:38:50 debug: Resolve cc from file:///E:/CocosProjects/Color/assets/Scripts/Views/network/controller/NetWorkViewController.ts as cce:/internal/x/cc.
12:38:50 debug: Target(preview) ends with cost 197.19940000027418ms.
12:38:53 debug: Pulling asset-db.
12:38:54 debug: Fetch asset-db cost: 808.5432000011206ms.
12:38:54 debug: Build iteration starts.
Number of accumulated asset changes: 10
Feature changed: false
12:38:54 debug: Target(editor) build started.
12:38:54 debug: Detected change: cce:/internal/x/prerequisite-imports. Last mtime: Thu Jan 01 1970 08:00:21 GMT+0800 (中国标准时间), Current mtime: Thu Jan 01 1970 08:00:24 GMT+0800 (中国标准时间)
12:38:54 debug: Inspect cce:/internal/x/prerequisite-imports
12:38:54 debug: Resolve file:///D:/Program%20Files/Cocos/Creator/CocosCreator-v3.8.3-oh-win-102911/resources/resources/3d/engine/editor/assets/tools/debug-view-runtime-control.ts from cce:/internal/x/prerequisite-imports as file:///D:/Program%20Files/Cocos/Creator/CocosCreator-v3.8.3-oh-win-102911/resources/resources/3d/engine/editor/assets/tools/debug-view-runtime-control.ts.
12:38:54 debug: Resolve file:///E:/CocosProjects/Color/assets/Scripts/FrameWork/Multiplayer/ClientManager.ts from cce:/internal/x/prerequisite-imports as file:///E:/CocosProjects/Color/assets/Scripts/FrameWork/Multiplayer/ClientManager.ts.
12:38:54 debug: Resolve file:///E:/CocosProjects/Color/assets/Scripts/FrameWork/Notify/GlobalNotify.ts from cce:/internal/x/prerequisite-imports as file:///E:/CocosProjects/Color/assets/Scripts/FrameWork/Notify/GlobalNotify.ts.
12:38:54 debug: Resolve file:///E:/CocosProjects/Color/assets/Scripts/FrameWork/Notify/NotifyManager.ts from cce:/internal/x/prerequisite-imports as file:///E:/CocosProjects/Color/assets/Scripts/FrameWork/Notify/NotifyManager.ts.
12:38:54 debug: Resolve file:///E:/CocosProjects/Color/assets/Scripts/FrameWork/Util/Global.ts from cce:/internal/x/prerequisite-imports as file:///E:/CocosProjects/Color/assets/Scripts/FrameWork/Util/Global.ts.
12:38:54 debug: Resolve file:///E:/CocosProjects/Color/assets/Scripts/GameStarter.ts from cce:/internal/x/prerequisite-imports as file:///E:/CocosProjects/Color/assets/Scripts/GameStarter.ts.
12:38:54 debug: Resolve file:///E:/CocosProjects/Color/assets/Scripts/HelloWorld.ts from cce:/internal/x/prerequisite-imports as file:///E:/CocosProjects/Color/assets/Scripts/HelloWorld.ts.
12:38:54 debug: Resolve file:///E:/CocosProjects/Color/assets/Scripts/Views/network/controller/NetWorkViewController.ts from cce:/internal/x/prerequisite-imports as file:///E:/CocosProjects/Color/assets/Scripts/Views/network/controller/NetWorkViewController.ts.
12:38:54 debug: Target(editor) ends with cost 41.06629999727011ms.
12:38:54 debug: Target(preview) build started.
12:38:54 debug: Detected change: cce:/internal/x/prerequisite-imports. Last mtime: Thu Jan 01 1970 08:00:21 GMT+0800 (中国标准时间), Current mtime: Thu Jan 01 1970 08:00:24 GMT+0800 (中国标准时间)
12:38:54 debug: Inspect cce:/internal/x/prerequisite-imports
12:38:54 debug: Resolve file:///D:/Program%20Files/Cocos/Creator/CocosCreator-v3.8.3-oh-win-102911/resources/resources/3d/engine/editor/assets/tools/debug-view-runtime-control.ts from cce:/internal/x/prerequisite-imports as file:///D:/Program%20Files/Cocos/Creator/CocosCreator-v3.8.3-oh-win-102911/resources/resources/3d/engine/editor/assets/tools/debug-view-runtime-control.ts.
12:38:54 debug: Resolve file:///E:/CocosProjects/Color/assets/Scripts/FrameWork/Multiplayer/ClientManager.ts from cce:/internal/x/prerequisite-imports as file:///E:/CocosProjects/Color/assets/Scripts/FrameWork/Multiplayer/ClientManager.ts.
12:38:54 debug: Resolve file:///E:/CocosProjects/Color/assets/Scripts/FrameWork/Notify/GlobalNotify.ts from cce:/internal/x/prerequisite-imports as file:///E:/CocosProjects/Color/assets/Scripts/FrameWork/Notify/GlobalNotify.ts.
12:38:54 debug: Resolve file:///E:/CocosProjects/Color/assets/Scripts/FrameWork/Notify/NotifyManager.ts from cce:/internal/x/prerequisite-imports as file:///E:/CocosProjects/Color/assets/Scripts/FrameWork/Notify/NotifyManager.ts.
12:38:54 debug: Resolve file:///E:/CocosProjects/Color/assets/Scripts/FrameWork/Util/Global.ts from cce:/internal/x/prerequisite-imports as file:///E:/CocosProjects/Color/assets/Scripts/FrameWork/Util/Global.ts.
12:38:54 debug: Resolve file:///E:/CocosProjects/Color/assets/Scripts/GameStarter.ts from cce:/internal/x/prerequisite-imports as file:///E:/CocosProjects/Color/assets/Scripts/GameStarter.ts.
12:38:54 debug: Resolve file:///E:/CocosProjects/Color/assets/Scripts/HelloWorld.ts from cce:/internal/x/prerequisite-imports as file:///E:/CocosProjects/Color/assets/Scripts/HelloWorld.ts.
12:38:54 debug: Resolve file:///E:/CocosProjects/Color/assets/Scripts/Views/network/controller/NetWorkViewController.ts from cce:/internal/x/prerequisite-imports as file:///E:/CocosProjects/Color/assets/Scripts/Views/network/controller/NetWorkViewController.ts.
12:38:54 debug: Target(preview) ends with cost 45.776799999177456ms.
21:12:21 debug: Dispatch build request for time accumulated 1 asset changes.
21:12:21 debug: Build iteration starts.
Number of accumulated asset changes: 1
Feature changed: false
21:12:21 debug: Target(editor) build started.
21:12:21 debug: Detected change: cce:/internal/x/prerequisite-imports. Last mtime: Thu Jan 01 1970 08:00:24 GMT+0800 (中国标准时间), Current mtime: Thu Jan 01 1970 16:33:52 GMT+0800 (中国标准时间)
21:12:21 debug: Inspect cce:/internal/x/prerequisite-imports
21:12:21 debug: Resolve file:///D:/Program%20Files/Cocos/Creator/CocosCreator-v3.8.3-oh-win-102911/resources/resources/3d/engine/editor/assets/tools/debug-view-runtime-control.ts from cce:/internal/x/prerequisite-imports as file:///D:/Program%20Files/Cocos/Creator/CocosCreator-v3.8.3-oh-win-102911/resources/resources/3d/engine/editor/assets/tools/debug-view-runtime-control.ts.
21:12:21 debug: Resolve file:///E:/CocosProjects/Color/assets/Scripts/FrameWork/Multiplayer/ClientManager.ts from cce:/internal/x/prerequisite-imports as file:///E:/CocosProjects/Color/assets/Scripts/FrameWork/Multiplayer/ClientManager.ts.
21:12:21 debug: Detected change: file:///E:/CocosProjects/Color/assets/Scripts/FrameWork/Multiplayer/ClientManager.ts. Last mtime: Sat Nov 02 2024 00:15:46 GMT+0800 (中国标准时间)@a53e55ad-e3c2-49f0-9fbf-5709d7230a0b, Current mtime: Sat Nov 02 2024 21:11:51 GMT+0800 (中国标准时间)@a53e55ad-e3c2-49f0-9fbf-5709d7230a0b
21:12:21 debug: Inspect file:///E:/CocosProjects/Color/assets/Scripts/FrameWork/Multiplayer/ClientManager.ts
21:12:21 debug: Resolve cc from file:///E:/CocosProjects/Color/assets/Scripts/FrameWork/Multiplayer/ClientManager.ts as cce:/internal/x/cc.
21:12:21 debug: Resolve file:///E:/CocosProjects/Color/assets/Scripts/FrameWork/Notify/GlobalNotify.ts from cce:/internal/x/prerequisite-imports as file:///E:/CocosProjects/Color/assets/Scripts/FrameWork/Notify/GlobalNotify.ts.
21:12:21 debug: Resolve file:///E:/CocosProjects/Color/assets/Scripts/FrameWork/Notify/NotifyManager.ts from cce:/internal/x/prerequisite-imports as file:///E:/CocosProjects/Color/assets/Scripts/FrameWork/Notify/NotifyManager.ts.
21:12:21 debug: Resolve file:///E:/CocosProjects/Color/assets/Scripts/FrameWork/Util/Global.ts from cce:/internal/x/prerequisite-imports as file:///E:/CocosProjects/Color/assets/Scripts/FrameWork/Util/Global.ts.
21:12:21 debug: Resolve file:///E:/CocosProjects/Color/assets/Scripts/GameStarter.ts from cce:/internal/x/prerequisite-imports as file:///E:/CocosProjects/Color/assets/Scripts/GameStarter.ts.
21:12:21 debug: Resolve file:///E:/CocosProjects/Color/assets/Scripts/HelloWorld.ts from cce:/internal/x/prerequisite-imports as file:///E:/CocosProjects/Color/assets/Scripts/HelloWorld.ts.
21:12:21 debug: Resolve file:///E:/CocosProjects/Color/assets/Scripts/Views/network/controller/NetWorkViewController.ts from cce:/internal/x/prerequisite-imports as file:///E:/CocosProjects/Color/assets/Scripts/Views/network/controller/NetWorkViewController.ts.
21:12:21 debug: Target(editor) ends with cost 115.13630001246929ms.
21:12:21 debug: Target(preview) build started.
21:12:21 debug: Detected change: cce:/internal/x/prerequisite-imports. Last mtime: Thu Jan 01 1970 08:00:24 GMT+0800 (中国标准时间), Current mtime: Thu Jan 01 1970 16:33:52 GMT+0800 (中国标准时间)
21:12:21 debug: Inspect cce:/internal/x/prerequisite-imports
21:12:21 debug: Resolve file:///D:/Program%20Files/Cocos/Creator/CocosCreator-v3.8.3-oh-win-102911/resources/resources/3d/engine/editor/assets/tools/debug-view-runtime-control.ts from cce:/internal/x/prerequisite-imports as file:///D:/Program%20Files/Cocos/Creator/CocosCreator-v3.8.3-oh-win-102911/resources/resources/3d/engine/editor/assets/tools/debug-view-runtime-control.ts.
21:12:21 debug: Resolve file:///E:/CocosProjects/Color/assets/Scripts/FrameWork/Multiplayer/ClientManager.ts from cce:/internal/x/prerequisite-imports as file:///E:/CocosProjects/Color/assets/Scripts/FrameWork/Multiplayer/ClientManager.ts.
21:12:21 debug: Detected change: file:///E:/CocosProjects/Color/assets/Scripts/FrameWork/Multiplayer/ClientManager.ts. Last mtime: Sat Nov 02 2024 00:15:46 GMT+0800 (中国标准时间)@a53e55ad-e3c2-49f0-9fbf-5709d7230a0b, Current mtime: Sat Nov 02 2024 21:11:51 GMT+0800 (中国标准时间)@a53e55ad-e3c2-49f0-9fbf-5709d7230a0b
21:12:21 debug: Inspect file:///E:/CocosProjects/Color/assets/Scripts/FrameWork/Multiplayer/ClientManager.ts
21:12:21 debug: Resolve cc from file:///E:/CocosProjects/Color/assets/Scripts/FrameWork/Multiplayer/ClientManager.ts as cce:/internal/x/cc.
21:12:21 debug: Resolve file:///E:/CocosProjects/Color/assets/Scripts/FrameWork/Notify/GlobalNotify.ts from cce:/internal/x/prerequisite-imports as file:///E:/CocosProjects/Color/assets/Scripts/FrameWork/Notify/GlobalNotify.ts.
21:12:21 debug: Resolve file:///E:/CocosProjects/Color/assets/Scripts/FrameWork/Notify/NotifyManager.ts from cce:/internal/x/prerequisite-imports as file:///E:/CocosProjects/Color/assets/Scripts/FrameWork/Notify/NotifyManager.ts.
21:12:21 debug: Resolve file:///E:/CocosProjects/Color/assets/Scripts/FrameWork/Util/Global.ts from cce:/internal/x/prerequisite-imports as file:///E:/CocosProjects/Color/assets/Scripts/FrameWork/Util/Global.ts.
21:12:21 debug: Resolve file:///E:/CocosProjects/Color/assets/Scripts/GameStarter.ts from cce:/internal/x/prerequisite-imports as file:///E:/CocosProjects/Color/assets/Scripts/GameStarter.ts.
21:12:21 debug: Resolve file:///E:/CocosProjects/Color/assets/Scripts/HelloWorld.ts from cce:/internal/x/prerequisite-imports as file:///E:/CocosProjects/Color/assets/Scripts/HelloWorld.ts.
21:12:21 debug: Resolve file:///E:/CocosProjects/Color/assets/Scripts/Views/network/controller/NetWorkViewController.ts from cce:/internal/x/prerequisite-imports as file:///E:/CocosProjects/Color/assets/Scripts/Views/network/controller/NetWorkViewController.ts.
21:12:21 debug: Target(preview) ends with cost 81.91920000314713ms.
