2024-10-26 01:30:19-debug: start **** info
2024-10-26 01:30:20-log: Cannot access game frame or container.
2024-10-26 01:30:20-debug: asset-db:require-engine-code (1328ms)
2024-10-26 01:30:21-log: meshopt wasm decoder initialized
2024-10-26 01:30:21-log: [box2d]:box2d wasm lib loaded.
2024-10-26 01:30:21-log: [bullet]:bullet wasm lib loaded.
2024-10-26 01:30:21-log: Cocos Creator v3.8.4
2024-10-26 01:30:21-log: Using legacy pipeline
2024-10-26 01:30:21-log: Forward render pipeline initialized.
2024-10-26 01:30:21-debug: [Assets Memory track]: asset-db:worker-init: initEngine start:27.22MB, end 81.26MB, increase: 54.04MB
2024-10-26 01:30:21-debug: [Assets Memory track]: asset-db-plugin-register: programming start:82.10MB, end 85.11MB, increase: 3.01MB
2024-10-26 01:30:22-debug: [Assets Memory track]: asset-db-plugin-register: builder start:85.14MB, end 189.54MB, increase: 104.41MB
2024-10-26 01:30:22-debug: [Assets Memory track]: asset-db:worker-init: initPlugin start:81.27MB, end 189.55MB, increase: 108.28MB
2024-10-26 01:30:22-debug: [Assets Memory track]: asset-db-plugin-register: project start:81.97MB, end 189.52MB, increase: 107.55MB
2024-10-26 01:30:22-debug: asset-db:worker-init: initPlugin (1402ms)
2024-10-26 01:30:22-debug: [Assets Memory track]: asset-db:worker-init start:27.21MB, end 189.64MB, increase: 162.43MB
2024-10-26 01:30:22-debug: Run asset db hook programming:beforePreStart ...
2024-10-26 01:30:22-debug: Run asset db hook programming:beforePreStart success!
2024-10-26 01:30:22-debug: Run asset db hook engine-extends:beforePreStart success!
2024-10-26 01:30:22-debug: Run asset db hook engine-extends:beforePreStart ...
2024-10-26 01:30:22-debug: asset-db:worker-init (3569ms)
2024-10-26 01:30:22-debug: asset-db-hook-programming-beforePreStart (181ms)
2024-10-26 01:30:22-debug: asset-db-hook-engine-extends-beforePreStart (181ms)
2024-10-26 01:30:23-debug: %cImport%c: E:\CocosProjects\Color\assets\Scencebackground: #aaff85; color: #000;color: #000;
2024-10-26 01:30:23-debug: %cImport%c: E:\CocosProjects\Color\assets\Scriptsbackground: #aaff85; color: #000;color: #000;
2024-10-26 01:30:23-debug: Preimport db internal success
2024-10-26 01:30:23-debug: %cImport%c: E:\CocosProjects\Color\assets\Scripts\HelloWorld.tsbackground: #aaff85; color: #000;color: #000;
2024-10-26 01:30:23-debug: Preimport db assets success
2024-10-26 01:30:23-debug: Run asset db hook programming:afterPreStart ...
2024-10-26 01:30:23-debug: starting packer-driver...
2024-10-26 01:30:23-debug: initialize scripting environment...
2024-10-26 01:30:23-debug: Run asset db hook programming:afterPreStart success!
2024-10-26 01:30:23-debug: Set detail map pack:///resolution-detail-map.json: {}
2024-10-26 01:30:23-debug: Run asset db hook engine-extends:afterPreStart success!
2024-10-26 01:30:23-debug: [Assets Memory track]: asset-db:worker-init: preStart start:189.66MB, end 191.24MB, increase: 1.58MB
2024-10-26 01:30:23-debug: Run asset db hook engine-extends:afterPreStart ...
2024-10-26 01:30:23-debug: Start up the 'internal' database...
2024-10-26 01:30:23-debug: asset-db-hook-programming-afterPreStart (713ms)
2024-10-26 01:30:23-debug: asset-db:worker-effect-data-processing (365ms)
2024-10-26 01:30:23-debug: asset-db-hook-engine-extends-afterPreStart (365ms)
2024-10-26 01:30:23-debug: [Assets Memory track]: asset-db:worker-startup-database[internal] start:189.99MB, end 203.92MB, increase: 13.92MB
2024-10-26 01:30:23-debug: Start up the 'assets' database...
2024-10-26 01:30:23-debug: %cImport%c: E:\CocosProjects\Color\assets\Scence\001.scenebackground: #aaff85; color: #000;color: #000;
2024-10-26 01:30:23-debug: asset-db:worker-startup-database[internal] (1034ms)
2024-10-26 01:30:23-debug: [Assets Memory track]: asset-db:worker-startup-database[assets] start:190.53MB, end 204.10MB, increase: 13.58MB
2024-10-26 01:30:23-debug: [Assets Memory track]: asset-db:worker-init: startup start:191.26MB, end 204.12MB, increase: 12.86MB
2024-10-26 01:30:23-debug: lazy register asset handler *
2024-10-26 01:30:23-debug: lazy register asset handler directory
2024-10-26 01:30:23-debug: lazy register asset handler spine-data
2024-10-26 01:30:23-debug: lazy register asset handler json
2024-10-26 01:30:23-debug: lazy register asset handler text
2024-10-26 01:30:23-debug: lazy register asset handler dragonbones-atlas
2024-10-26 01:30:23-debug: lazy register asset handler dragonbones
2024-10-26 01:30:23-debug: lazy register asset handler javascript
2024-10-26 01:30:23-debug: lazy register asset handler typescript
2024-10-26 01:30:23-debug: lazy register asset handler terrain
2024-10-26 01:30:23-debug: lazy register asset handler prefab
2024-10-26 01:30:23-debug: lazy register asset handler sprite-frame
2024-10-26 01:30:23-debug: lazy register asset handler scene
2024-10-26 01:30:23-debug: lazy register asset handler tiled-map
2024-10-26 01:30:23-debug: lazy register asset handler buffer
2024-10-26 01:30:23-debug: lazy register asset handler image
2024-10-26 01:30:23-debug: lazy register asset handler sign-image
2024-10-26 01:30:23-debug: lazy register asset handler alpha-image
2024-10-26 01:30:23-debug: lazy register asset handler texture-cube
2024-10-26 01:30:23-debug: lazy register asset handler erp-texture-cube
2024-10-26 01:30:23-debug: lazy register asset handler render-texture
2024-10-26 01:30:23-debug: lazy register asset handler texture-cube-face
2024-10-26 01:30:23-debug: lazy register asset handler texture
2024-10-26 01:30:23-debug: lazy register asset handler rt-sprite-frame
2024-10-26 01:30:23-debug: lazy register asset handler gltf-mesh
2024-10-26 01:30:23-debug: lazy register asset handler gltf-animation
2024-10-26 01:30:23-debug: lazy register asset handler gltf-material
2024-10-26 01:30:23-debug: lazy register asset handler gltf-skeleton
2024-10-26 01:30:23-debug: lazy register asset handler gltf
2024-10-26 01:30:23-debug: lazy register asset handler gltf-scene
2024-10-26 01:30:23-debug: lazy register asset handler fbx
2024-10-26 01:30:23-debug: lazy register asset handler gltf-embeded-image
2024-10-26 01:30:23-debug: lazy register asset handler physics-material
2024-10-26 01:30:23-debug: lazy register asset handler material
2024-10-26 01:30:23-debug: lazy register asset handler effect
2024-10-26 01:30:23-debug: lazy register asset handler effect-header
2024-10-26 01:30:23-debug: lazy register asset handler audio-clip
2024-10-26 01:30:23-debug: lazy register asset handler animation-clip
2024-10-26 01:30:23-debug: lazy register asset handler animation-graph
2024-10-26 01:30:23-debug: lazy register asset handler animation-mask
2024-10-26 01:30:23-debug: lazy register asset handler animation-graph-variant
2024-10-26 01:30:23-debug: lazy register asset handler ttf-font
2024-10-26 01:30:23-debug: lazy register asset handler bitmap-font
2024-10-26 01:30:23-debug: lazy register asset handler sprite-atlas
2024-10-26 01:30:23-debug: lazy register asset handler auto-atlas
2024-10-26 01:30:23-debug: lazy register asset handler label-atlas
2024-10-26 01:30:23-debug: lazy register asset handler render-pipeline
2024-10-26 01:30:23-debug: lazy register asset handler render-stage
2024-10-26 01:30:23-debug: lazy register asset handler particle
2024-10-26 01:30:23-debug: lazy register asset handler render-flow
2024-10-26 01:30:23-debug: lazy register asset handler instantiation-mesh
2024-10-26 01:30:23-debug: lazy register asset handler instantiation-material
2024-10-26 01:30:23-debug: lazy register asset handler instantiation-animation
2024-10-26 01:30:23-debug: lazy register asset handler instantiation-skeleton
2024-10-26 01:30:23-debug: lazy register asset handler video-clip
2024-10-26 01:30:23-debug: asset-db:worker-startup-database[assets] (843ms)
2024-10-26 01:30:23-debug: asset-db:start-database (1086ms)
2024-10-26 01:30:23-debug: asset-db:ready (7240ms)
2024-10-26 01:30:23-debug: init worker message success
2024-10-26 01:30:24-debug: [Build Memory track]: builder:worker-init start:208.98MB, end 218.00MB, increase: 9.03MB
2024-10-26 01:30:24-debug: programming:execute-script (648ms)
2024-10-26 01:30:24-debug: builder:worker-init (646ms)
2024-10-26 01:31:18-debug: refresh db internal success
2024-10-26 01:31:18-debug: refresh db assets success
2024-10-26 01:31:18-debug: Run asset db hook engine-extends:afterRefresh ...
2024-10-26 01:31:18-debug: Run asset db hook engine-extends:afterRefresh success!
2024-10-26 01:31:18-debug: asset-db:refresh-all-database (116ms)
2024-10-26 01:31:18-debug: asset-db-hook-engine-extends-afterRefresh (1ms)
2024-10-26 01:31:55-debug: refresh db internal success
2024-10-26 01:31:55-debug: refresh db assets success
2024-10-26 01:31:55-debug: Run asset db hook engine-extends:afterRefresh ...
2024-10-26 01:31:55-debug: Run asset db hook engine-extends:afterRefresh success!
2024-10-26 01:31:55-debug: asset-db:refresh-all-database (111ms)
2024-10-26 01:31:55-debug: asset-db:worker-effect-data-processing (1ms)
2024-10-26 01:31:55-debug: asset-db-hook-engine-extends-afterRefresh (1ms)
2024-10-26 01:33:37-debug: refresh db internal success
2024-10-26 01:33:37-debug: refresh db assets success
2024-10-26 01:33:37-debug: Run asset db hook engine-extends:afterRefresh ...
2024-10-26 01:33:37-debug: Run asset db hook engine-extends:afterRefresh success!
2024-10-26 01:33:37-debug: asset-db:refresh-all-database (107ms)
2024-10-26 01:33:37-debug: asset-db-hook-engine-extends-afterRefresh (1ms)
